Arguments: 
  /usr/local/bin/node /usr/local/Cellar/yarn/1.7.0/libexec/bin/yarn.js init

PATH: 
  /Users/lwkchan/.rvm/gems/ruby-2.4.1/bin:/Users/lwkchan/.rvm/gems/ruby-2.4.1@global/bin:/Users/lwkchan/.rvm/rubies/ruby-2.4.1/bin:/Users/lwkchan/bin:/usr/local/bin:/opt/local/bin:/usr/local/bin:/usr/bin:/bin:/usr/sbin:/sbin:/Users/lwkchan/.rvm/bin:/Library/Java/JavaVirtualMachines/jdk1.8.0_172.jdk/Contents/Home:/usr/local/Cellar/maven/3.5.3/libexec/bin

Yarn version: 
  1.7.0

Node version: 
  8.11.1

Platform: 
  darwin x64

Trace: 
  Error: canceled
      at Interface.<anonymous> (/usr/local/Cellar/yarn/1.7.0/libexec/lib/cli.js:131036:13)
      at emitNone (events.js:106:13)
      at Interface.emit (events.js:208:7)
      at Interface._ttyWrite (readline.js:775:16)
      at ReadStream.onkeypress (readline.js:160:10)
      at emitTwo (events.js:126:13)
      at ReadStream.emit (events.js:214:7)
      at emitKeys (internal/readline.js:420:14)
      at emitKeys.next (<anonymous>)
      at ReadStream.onData (readline.js:1011:36)

npm manifest: 
  No manifest

yarn manifest: 
  No manifest

Lockfile: 
  No lockfile
